{"/Users/simonak/Desktop/GIT-QA/unit-testing-jest/anagram.js": {"path":"/Users/simonak/Desktop/GIT-QA/unit-testing-jest/anagram.js","statementMap":{"0":{"start":{"line":2,"column":4},"end":{"line":2,"column":51}},"1":{"start":{"line":2,"column":38},"end":{"line":2,"column":51}},"2":{"start":{"line":3,"column":4},"end":{"line":3,"column":151}},"3":{"start":{"line":6,"column":0},"end":{"line":6,"column":26}}},"fnMap":{"0":{"name":"anagrams","decl":{"start":{"line":1,"column":9},"end":{"line":1,"column":17}},"loc":{"start":{"line":1,"column":32},"end":{"line":4,"column":1}},"line":1}},"branchMap":{"0":{"loc":{"start":{"line":2,"column":4},"end":{"line":2,"column":51}},"type":"if","locations":[{"start":{"line":2,"column":4},"end":{"line":2,"column":51}},{"start":{},"end":{}}],"line":2}},"s":{"0":7,"1":1,"2":6,"3":1},"f":{"0":7},"b":{"0":[1,6]},"_coverageSchema":"1a1c01bbd47fc00a2c39e90264f33305004495a9","hash":"f23ab35c38ae4abf96d782bbf8de0d8350ba6df8"}
,"/Users/simonak/Desktop/GIT-QA/unit-testing-jest/factorial.js": {"path":"/Users/simonak/Desktop/GIT-QA/unit-testing-jest/factorial.js","statementMap":{"0":{"start":{"line":2,"column":4},"end":{"line":4,"column":5}},"1":{"start":{"line":3,"column":8},"end":{"line":3,"column":69}},"2":{"start":{"line":5,"column":4},"end":{"line":8,"column":5}},"3":{"start":{"line":7,"column":8},"end":{"line":7,"column":17}},"4":{"start":{"line":10,"column":17},"end":{"line":10,"column":18}},"5":{"start":{"line":11,"column":4},"end":{"line":13,"column":5}},"6":{"start":{"line":11,"column":17},"end":{"line":11,"column":18}},"7":{"start":{"line":12,"column":8},"end":{"line":12,"column":20}},"8":{"start":{"line":15,"column":4},"end":{"line":15,"column":18}},"9":{"start":{"line":18,"column":0},"end":{"line":18,"column":27}},"10":{"start":{"line":20,"column":0},"end":{"line":20,"column":13}}},"fnMap":{"0":{"name":"factorial","decl":{"start":{"line":1,"column":9},"end":{"line":1,"column":18}},"loc":{"start":{"line":1,"column":22},"end":{"line":16,"column":1}},"line":1}},"branchMap":{"0":{"loc":{"start":{"line":2,"column":4},"end":{"line":4,"column":5}},"type":"if","locations":[{"start":{"line":2,"column":4},"end":{"line":4,"column":5}},{"start":{},"end":{}}],"line":2},"1":{"loc":{"start":{"line":5,"column":4},"end":{"line":8,"column":5}},"type":"if","locations":[{"start":{"line":5,"column":4},"end":{"line":8,"column":5}},{"start":{},"end":{}}],"line":5}},"s":{"0":6,"1":1,"2":5,"3":1,"4":4,"5":4,"6":4,"7":20,"8":4,"9":1,"10":1},"f":{"0":6},"b":{"0":[1,5],"1":[1,4]},"_coverageSchema":"1a1c01bbd47fc00a2c39e90264f33305004495a9","hash":"516a5436762d2a4580755e583e10730b046a3a5d"}
,"/Users/simonak/Desktop/GIT-QA/unit-testing-jest/fibonacci.js": {"path":"/Users/simonak/Desktop/GIT-QA/unit-testing-jest/fibonacci.js","statementMap":{"0":{"start":{"line":2,"column":4},"end":{"line":2,"column":51}},"1":{"start":{"line":2,"column":15},"end":{"line":2,"column":51}},"2":{"start":{"line":3,"column":4},"end":{"line":3,"column":27}},"3":{"start":{"line":3,"column":17},"end":{"line":3,"column":27}},"4":{"start":{"line":4,"column":4},"end":{"line":4,"column":28}},"5":{"start":{"line":4,"column":17},"end":{"line":4,"column":28}},"6":{"start":{"line":6,"column":12},"end":{"line":6,"column":13}},"7":{"start":{"line":6,"column":19},"end":{"line":6,"column":20}},"8":{"start":{"line":7,"column":27},"end":{"line":7,"column":33}},"9":{"start":{"line":9,"column":4},"end":{"line":14,"column":5}},"10":{"start":{"line":9,"column":17},"end":{"line":9,"column":18}},"11":{"start":{"line":10,"column":19},"end":{"line":10,"column":24}},"12":{"start":{"line":11,"column":8},"end":{"line":11,"column":36}},"13":{"start":{"line":12,"column":8},"end":{"line":12,"column":14}},"14":{"start":{"line":13,"column":8},"end":{"line":13,"column":17}},"15":{"start":{"line":15,"column":19},"end":{"line":15,"column":46}},"16":{"start":{"line":17,"column":4},"end":{"line":17,"column":18}},"17":{"start":{"line":20,"column":0},"end":{"line":20,"column":27}},"18":{"start":{"line":22,"column":0},"end":{"line":22,"column":13}}},"fnMap":{"0":{"name":"fibonacci","decl":{"start":{"line":1,"column":9},"end":{"line":1,"column":18}},"loc":{"start":{"line":1,"column":22},"end":{"line":18,"column":1}},"line":1}},"branchMap":{"0":{"loc":{"start":{"line":2,"column":4},"end":{"line":2,"column":51}},"type":"if","locations":[{"start":{"line":2,"column":4},"end":{"line":2,"column":51}},{"start":{},"end":{}}],"line":2},"1":{"loc":{"start":{"line":3,"column":4},"end":{"line":3,"column":27}},"type":"if","locations":[{"start":{"line":3,"column":4},"end":{"line":3,"column":27}},{"start":{},"end":{}}],"line":3},"2":{"loc":{"start":{"line":4,"column":4},"end":{"line":4,"column":28}},"type":"if","locations":[{"start":{"line":4,"column":4},"end":{"line":4,"column":28}},{"start":{},"end":{}}],"line":4}},"s":{"0":7,"1":1,"2":6,"3":1,"4":5,"5":1,"6":4,"7":4,"8":4,"9":4,"10":4,"11":12,"12":12,"13":12,"14":12,"15":4,"16":4,"17":1,"18":1},"f":{"0":7},"b":{"0":[1,6],"1":[1,5],"2":[1,4]},"_coverageSchema":"1a1c01bbd47fc00a2c39e90264f33305004495a9","hash":"869ab8d5ac81587628d0e7f9c9b6f5bf7ffd4c40"}
,"/Users/simonak/Desktop/GIT-QA/unit-testing-jest/palindrome.js": {"path":"/Users/simonak/Desktop/GIT-QA/unit-testing-jest/palindrome.js","statementMap":{"0":{"start":{"line":2,"column":4},"end":{"line":4,"column":5}},"1":{"start":{"line":3,"column":8},"end":{"line":3,"column":20}},"2":{"start":{"line":5,"column":27},"end":{"line":5,"column":82}},"3":{"start":{"line":6,"column":26},"end":{"line":6,"column":69}},"4":{"start":{"line":7,"column":4},"end":{"line":7,"column":44}},"5":{"start":{"line":9,"column":0},"end":{"line":9,"column":30}}},"fnMap":{"0":{"name":"isPalindrome","decl":{"start":{"line":1,"column":9},"end":{"line":1,"column":21}},"loc":{"start":{"line":1,"column":28},"end":{"line":8,"column":1}},"line":1}},"branchMap":{"0":{"loc":{"start":{"line":2,"column":4},"end":{"line":4,"column":5}},"type":"if","locations":[{"start":{"line":2,"column":4},"end":{"line":4,"column":5}},{"start":{},"end":{}}],"line":2}},"s":{"0":7,"1":1,"2":6,"3":6,"4":6,"5":1},"f":{"0":7},"b":{"0":[1,6]},"_coverageSchema":"1a1c01bbd47fc00a2c39e90264f33305004495a9","hash":"2bed9e9b4659a1140e73aa393a466ee253dea9c2"}
,"/Users/simonak/Desktop/GIT-QA/unit-testing-jest/prime.js": {"path":"/Users/simonak/Desktop/GIT-QA/unit-testing-jest/prime.js","statementMap":{"0":{"start":{"line":2,"column":4},"end":{"line":4,"column":5}},"1":{"start":{"line":3,"column":8},"end":{"line":3,"column":21}},"2":{"start":{"line":5,"column":4},"end":{"line":7,"column":5}},"3":{"start":{"line":5,"column":17},"end":{"line":5,"column":18}},"4":{"start":{"line":6,"column":8},"end":{"line":6,"column":38}},"5":{"start":{"line":6,"column":25},"end":{"line":6,"column":38}},"6":{"start":{"line":8,"column":4},"end":{"line":8,"column":16}},"7":{"start":{"line":11,"column":0},"end":{"line":11,"column":25}}},"fnMap":{"0":{"name":"isPrime","decl":{"start":{"line":1,"column":9},"end":{"line":1,"column":16}},"loc":{"start":{"line":1,"column":20},"end":{"line":9,"column":1}},"line":1}},"branchMap":{"0":{"loc":{"start":{"line":2,"column":4},"end":{"line":4,"column":5}},"type":"if","locations":[{"start":{"line":2,"column":4},"end":{"line":4,"column":5}},{"start":{},"end":{}}],"line":2},"1":{"loc":{"start":{"line":6,"column":8},"end":{"line":6,"column":38}},"type":"if","locations":[{"start":{"line":6,"column":8},"end":{"line":6,"column":38}},{"start":{},"end":{}}],"line":6}},"s":{"0":15,"1":4,"2":11,"3":11,"4":12,"5":5,"6":6,"7":1},"f":{"0":15},"b":{"0":[4,11],"1":[5,7]},"_coverageSchema":"1a1c01bbd47fc00a2c39e90264f33305004495a9","hash":"9bd8a759db1095aa35eb6a6bddcde0ade45cf850"}
,"/Users/simonak/Desktop/GIT-QA/unit-testing-jest/reverse.js": {"path":"/Users/simonak/Desktop/GIT-QA/unit-testing-jest/reverse.js","statementMap":{"0":{"start":{"line":2,"column":4},"end":{"line":4,"column":5}},"1":{"start":{"line":3,"column":8},"end":{"line":3,"column":38}},"2":{"start":{"line":5,"column":4},"end":{"line":5,"column":47}},"3":{"start":{"line":7,"column":0},"end":{"line":7,"column":31}}},"fnMap":{"0":{"name":"reverseString","decl":{"start":{"line":1,"column":9},"end":{"line":1,"column":22}},"loc":{"start":{"line":1,"column":31},"end":{"line":6,"column":1}},"line":1}},"branchMap":{"0":{"loc":{"start":{"line":2,"column":4},"end":{"line":4,"column":5}},"type":"if","locations":[{"start":{"line":2,"column":4},"end":{"line":4,"column":5}},{"start":{},"end":{}}],"line":2}},"s":{"0":5,"1":1,"2":4,"3":1},"f":{"0":5},"b":{"0":[1,4]},"_coverageSchema":"1a1c01bbd47fc00a2c39e90264f33305004495a9","hash":"53817cfecd1fccb17218649b76fe6fb53e7ad7a5"}
,"/Users/simonak/Desktop/GIT-QA/unit-testing-jest/sum.js": {"path":"/Users/simonak/Desktop/GIT-QA/unit-testing-jest/sum.js","statementMap":{"0":{"start":{"line":2,"column":4},"end":{"line":2,"column":17}},"1":{"start":{"line":6,"column":4},"end":{"line":6,"column":18}},"2":{"start":{"line":10,"column":4},"end":{"line":12,"column":5}},"3":{"start":{"line":11,"column":8},"end":{"line":11,"column":22}},"4":{"start":{"line":13,"column":4},"end":{"line":13,"column":19}},"5":{"start":{"line":16,"column":2},"end":{"line":20,"column":4}}},"fnMap":{"0":{"name":"sum","decl":{"start":{"line":1,"column":9},"end":{"line":1,"column":12}},"loc":{"start":{"line":1,"column":19},"end":{"line":3,"column":3}},"line":1},"1":{"name":"clone","decl":{"start":{"line":5,"column":11},"end":{"line":5,"column":16}},"loc":{"start":{"line":5,"column":20},"end":{"line":7,"column":3}},"line":5},"2":{"name":"age","decl":{"start":{"line":9,"column":11},"end":{"line":9,"column":14}},"loc":{"start":{"line":9,"column":18},"end":{"line":14,"column":3}},"line":9}},"branchMap":{"0":{"loc":{"start":{"line":10,"column":4},"end":{"line":12,"column":5}},"type":"if","locations":[{"start":{"line":10,"column":4},"end":{"line":12,"column":5}},{"start":{},"end":{}}],"line":10}},"s":{"0":2,"1":2,"2":2,"3":1,"4":1,"5":1},"f":{"0":2,"1":2,"2":2},"b":{"0":[1,1]},"_coverageSchema":"1a1c01bbd47fc00a2c39e90264f33305004495a9","hash":"f9b6752f57c000d45369a44799c13a3d283b89d7"}
}
