TN:
SF:anagram.js
FN:1,anagrams
FNF:1
FNH:1
FNDA:7,anagrams
DA:2,7
DA:3,6
DA:6,1
LF:3
LH:3
BRDA:2,0,0,1
BRDA:2,0,1,6
BRF:2
BRH:2
end_of_record
TN:
SF:factorial.js
FN:1,factorial
FNF:1
FNH:1
FNDA:6,factorial
DA:2,6
DA:3,1
DA:5,5
DA:7,1
DA:10,4
DA:11,4
DA:12,20
DA:15,4
DA:18,1
DA:20,1
LF:10
LH:10
BRDA:2,0,0,1
BRDA:2,0,1,5
BRDA:5,1,0,1
BRDA:5,1,1,4
BRF:4
BRH:4
end_of_record
TN:
SF:fibonacci.js
FN:1,fibonacci
FNF:1
FNH:1
FNDA:7,fibonacci
DA:2,7
DA:3,6
DA:4,5
DA:6,4
DA:7,4
DA:9,4
DA:10,12
DA:11,12
DA:12,12
DA:13,12
DA:15,4
DA:17,4
DA:20,1
DA:22,1
LF:14
LH:14
BRDA:2,0,0,1
BRDA:2,0,1,6
BRDA:3,1,0,1
BRDA:3,1,1,5
BRDA:4,2,0,1
BRDA:4,2,1,4
BRF:6
BRH:6
end_of_record
TN:
SF:palindrome.js
FN:1,isPalindrome
FNF:1
FNH:1
FNDA:7,isPalindrome
DA:2,7
DA:3,1
DA:5,6
DA:6,6
DA:7,6
DA:9,1
LF:6
LH:6
BRDA:2,0,0,1
BRDA:2,0,1,6
BRF:2
BRH:2
end_of_record
TN:
SF:prime.js
FN:1,isPrime
FNF:1
FNH:1
FNDA:15,isPrime
DA:2,15
DA:3,4
DA:5,11
DA:6,12
DA:8,6
DA:11,1
LF:6
LH:6
BRDA:2,0,0,4
BRDA:2,0,1,11
BRDA:6,1,0,5
BRDA:6,1,1,7
BRF:4
BRH:4
end_of_record
TN:
SF:reverse.js
FN:1,reverseString
FNF:1
FNH:1
FNDA:5,reverseString
DA:2,5
DA:3,1
DA:5,4
DA:7,1
LF:4
LH:4
BRDA:2,0,0,1
BRDA:2,0,1,4
BRF:2
BRH:2
end_of_record
TN:
SF:sum.js
FN:1,sum
FN:5,clone
FN:9,age
FNF:3
FNH:3
FNDA:2,sum
FNDA:2,clone
FNDA:2,age
DA:2,2
DA:6,2
DA:10,2
DA:11,1
DA:13,1
DA:16,1
LF:6
LH:6
BRDA:10,0,0,1
BRDA:10,0,1,1
BRF:2
BRH:2
end_of_record
