TN:
SF:anagram.js
FN:1,anagrams
FNF:1
FNH:1
FNDA:7,anagrams
DA:1,7
DA:2,7
DA:3,6
DA:4,6
DA:5,1
DA:6,1
DA:7,1
DA:8,1
DA:9,1
DA:10,1
LF:10
LH:10
BRDA:1,0,0,7
BRDA:2,1,0,1
BRDA:2,2,0,6
BRF:3
BRH:3
end_of_record
TN:
SF:factorial.js
FN:1,factorial
FNF:1
FNH:1
FNDA:6,factorial
DA:1,6
DA:2,6
DA:3,1
DA:4,1
DA:5,6
DA:6,1
DA:7,1
DA:8,1
DA:9,4
DA:10,4
DA:11,6
DA:12,20
DA:13,20
DA:14,4
DA:15,4
DA:16,4
DA:17,1
DA:18,1
DA:19,1
DA:20,1
LF:20
LH:20
BRDA:1,0,0,6
BRDA:2,1,0,1
BRDA:4,2,0,5
BRDA:5,3,0,1
BRDA:8,4,0,4
BRDA:11,5,0,20
BRDA:13,6,0,4
BRF:7
BRH:7
end_of_record
TN:
SF:fibonacci.js
FN:1,fibonacci
FNF:1
FNH:1
FNDA:7,fibonacci
DA:1,7
DA:2,7
DA:3,7
DA:4,7
DA:5,4
DA:6,4
DA:7,4
DA:8,4
DA:9,7
DA:10,12
DA:11,12
DA:12,12
DA:13,12
DA:14,12
DA:15,4
DA:16,4
DA:17,4
DA:18,4
DA:19,1
DA:20,1
DA:21,1
DA:22,1
LF:22
LH:22
BRDA:1,0,0,7
BRDA:2,1,0,1
BRDA:2,2,0,6
BRDA:3,3,0,1
BRDA:3,4,0,5
BRDA:4,5,0,1
BRDA:4,6,0,4
BRDA:9,7,0,12
BRDA:14,8,0,4
BRF:9
BRH:9
end_of_record
TN:
SF:palindrome.js
FN:1,isPalindrome
FNF:1
FNH:1
FNDA:7,isPalindrome
DA:1,7
DA:2,7
DA:3,1
DA:4,1
DA:5,6
DA:6,6
DA:7,6
DA:8,6
DA:9,1
DA:10,1
DA:11,1
DA:12,1
LF:12
LH:12
BRDA:1,0,0,7
BRDA:2,1,0,1
BRDA:4,2,0,6
BRF:3
BRH:3
end_of_record
TN:
SF:prime.js
FN:1,isPrime
FNF:1
FNH:1
FNDA:15,isPrime
DA:1,15
DA:2,15
DA:3,4
DA:4,4
DA:5,15
DA:6,12
DA:7,12
DA:8,6
DA:9,6
DA:10,1
DA:11,1
DA:12,1
DA:13,1
DA:14,1
DA:15,1
DA:16,1
DA:17,1
DA:18,1
DA:19,1
DA:20,1
DA:21,1
DA:22,1
LF:22
LH:22
BRDA:1,0,0,15
BRDA:2,1,0,4
BRDA:4,2,0,11
BRDA:5,3,0,12
BRDA:6,4,0,5
BRDA:7,5,0,6
BRF:6
BRH:6
end_of_record
TN:
SF:reverse.js
FN:1,reverseString
FNF:1
FNH:1
FNDA:5,reverseString
DA:1,5
DA:2,5
DA:3,1
DA:4,1
DA:5,4
DA:6,4
DA:7,1
DA:8,1
DA:9,1
DA:10,1
DA:11,1
DA:12,1
LF:12
LH:12
BRDA:1,0,0,5
BRDA:2,1,0,1
BRDA:4,2,0,4
BRF:3
BRH:3
end_of_record
TN:
SF:sum.js
FN:1,sum
FN:5,clone
FN:9,age
FNF:3
FNH:3
FNDA:2,sum
FNDA:2,clone
FNDA:2,age
DA:1,2
DA:2,2
DA:3,2
DA:4,1
DA:5,1
DA:6,2
DA:7,2
DA:8,1
DA:9,1
DA:10,2
DA:11,1
DA:12,1
DA:13,1
DA:14,1
DA:15,1
DA:16,1
DA:17,1
DA:18,1
DA:19,1
DA:20,1
LF:20
LH:20
BRDA:1,0,0,2
BRDA:5,1,0,2
BRDA:9,2,0,2
BRDA:10,3,0,1
BRF:4
BRH:4
end_of_record
